Построение начато 27.12.2013 10:21:24.
     1>Проект "C:\Users\1\Desktop\курсовые\Симоненко\программы Симоненко\2\2\2.vcxproj" в узле 2 (целевые объекты build).
     1>InitializeBuildStatus:
         Обращение к "Debug\2.unsuccessfulbuild".
       ClCompile:
         Для всех выходных данных обновления не требуется.
         C:\Program Files (x86)\Microsoft Visual Studio 10.0\VC\bin\CL.exe /c /ZI /nologo /W3 /WX- /Od /Oy- /D WIN32 /D _DEBUG /D _CONSOLE /D _UNICODE /D UNICODE /Gm /EHsc /RTC1 /MDd /GS /fp:precise /Zc:wchar_t /Zc:forScope /Yu"StdAfx.h" /Fp"Debug\2.pch" /Fo"Debug\\" /Fd"Debug\vc100.pdb" /Gd /TP /analyze- /errorReport:prompt 2.cpp
         2.cpp
     1>c:\users\1\desktop\курсовые\симоненко\программы симоненко\2\2\2.cpp(9): error C2601: solve: недопустимые локальные определения функций
                 c:\users\1\desktop\курсовые\симоненко\программы симоненко\2\2\2.cpp(8): эта строка содержит "{", которая пока не имеет парной
     1>c:\users\1\desktop\курсовые\симоненко\программы симоненко\2\2\2.cpp(10): error C2065: vector: необъявленный идентификатор
     1>c:\users\1\desktop\курсовые\симоненко\программы симоненко\2\2\2.cpp(10): error C2062: тип "int" не требуется
     1>c:\users\1\desktop\курсовые\симоненко\программы симоненко\2\2\2.cpp(11): error C2065: d: необъявленный идентификатор
     1>c:\users\1\desktop\курсовые\симоненко\программы симоненко\2\2\2.cpp(11): error C2065: v: необъявленный идентификатор
     1>c:\users\1\desktop\курсовые\симоненко\программы симоненко\2\2\2.cpp(14): error C2065: m: необъявленный идентификатор
     1>c:\users\1\desktop\курсовые\симоненко\программы симоненко\2\2\2.cpp(15): error C2065: d: необъявленный идентификатор
     1>c:\users\1\desktop\курсовые\симоненко\программы симоненко\2\2\2.cpp(15): error C2065: e: необъявленный идентификатор
     1>c:\users\1\desktop\курсовые\симоненко\программы симоненко\2\2\2.cpp(15): error C2228: выражение слева от ".a" должно представлять класс, структуру или объединение
     1>c:\users\1\desktop\курсовые\симоненко\программы симоненко\2\2\2.cpp(15): error C2065: INF: необъявленный идентификатор
     1>c:\users\1\desktop\курсовые\симоненко\программы симоненко\2\2\2.cpp(16): error C2065: d: необъявленный идентификатор
     1>c:\users\1\desktop\курсовые\симоненко\программы симоненко\2\2\2.cpp(16): error C2065: e: необъявленный идентификатор
     1>c:\users\1\desktop\курсовые\симоненко\программы симоненко\2\2\2.cpp(16): error C2228: выражение слева от ".b" должно представлять класс, структуру или объединение
     1>c:\users\1\desktop\курсовые\симоненко\программы симоненко\2\2\2.cpp(16): error C2065: d: необъявленный идентификатор
     1>c:\users\1\desktop\курсовые\симоненко\программы симоненко\2\2\2.cpp(16): error C2065: e: необъявленный идентификатор
     1>c:\users\1\desktop\курсовые\симоненко\программы симоненко\2\2\2.cpp(16): error C2228: выражение слева от ".a" должно представлять класс, структуру или объединение
     1>c:\users\1\desktop\курсовые\симоненко\программы симоненко\2\2\2.cpp(16): error C2065: e: необъявленный идентификатор
     1>c:\users\1\desktop\курсовые\симоненко\программы симоненко\2\2\2.cpp(16): error C2228: выражение слева от ".cost" должно представлять класс, структуру или объединение
     1>c:\users\1\desktop\курсовые\симоненко\программы симоненко\2\2\2.cpp(17): error C2065: d: необъявленный идентификатор
     1>c:\users\1\desktop\курсовые\симоненко\программы симоненко\2\2\2.cpp(17): error C2065: e: необъявленный идентификатор
     1>c:\users\1\desktop\курсовые\симоненко\программы симоненко\2\2\2.cpp(17): error C2228: выражение слева от ".b" должно представлять класс, структуру или объединение
     1>c:\users\1\desktop\курсовые\симоненко\программы симоненко\2\2\2.cpp(17): error C2065: d: необъявленный идентификатор
     1>c:\users\1\desktop\курсовые\симоненко\программы симоненко\2\2\2.cpp(17): error C2065: e: необъявленный идентификатор
     1>c:\users\1\desktop\курсовые\симоненко\программы симоненко\2\2\2.cpp(17): error C2228: выражение слева от ".a" должно представлять класс, структуру или объединение
     1>c:\users\1\desktop\курсовые\симоненко\программы симоненко\2\2\2.cpp(17): error C2065: e: необъявленный идентификатор
     1>c:\users\1\desktop\курсовые\симоненко\программы симоненко\2\2\2.cpp(17): error C2228: выражение слева от ".cost" должно представлять класс, структуру или объединение
     1>Построение проекта "C:\Users\1\Desktop\курсовые\Симоненко\программы Симоненко\2\2\2.vcxproj" завершено (целевые объекты build) с ошибкой.

СБОЙ построения.

Затраченное время: 00:00:00.16
